<?xml version="1.0" encoding="UTF-8" ?>
<testsuite tests="4" failures="0" name="answer.medium.LongestRepeatingCharacterReplacementTest" time="0" errors="0" skipped="0">
  <properties>
[...]
</properties>
  <testcase classname="answer.medium.LongestRepeatingCharacterReplacementTest" name="count" time="0"/>
  <testcase classname="answer.medium.LongestRepeatingCharacterReplacementTest" name="characterReplacement1" time="0"/>
  <testcase classname="answer.medium.LongestRepeatingCharacterReplacementTest" name="characterReplacement2" time="0"/>
  <testcase classname="answer.medium.LongestRepeatingCharacterReplacementTest" name="characterReplacement3" time="0"/>
</testsuite>